28-12-2018 11:33:12.187 [restartedMain] INFO  c.d.h.HotelManagementApplication.logStarting - Starting HotelManagementApplication on DESKTOP-04PJQ2P with PID 7368 (started by Roman in C:\MyWork\My Projects\hotel_management)
28-12-2018 11:33:12.205 [restartedMain] DEBUG c.d.h.HotelManagementApplication.logStarting - Running with Spring Boot v2.0.4.RELEASE, Spring v5.0.8.RELEASE
28-12-2018 11:33:12.207 [restartedMain] INFO  c.d.h.HotelManagementApplication.logStartupProfileInfo - The following profiles are active: dev
28-12-2018 11:33:12.415 [restartedMain] INFO  o.s.b.w.s.c.AnnotationConfigServletWebServerApplicationContext.prepareRefresh - Refreshing org.springframework.boot.web.servlet.context.AnnotationConfigServletWebServerApplicationContext@3f22b4b8: startup date [Fri Dec 28 11:33:12 EET 2018]; root of context hierarchy
28-12-2018 11:33:16.905 [restartedMain] INFO  o.s.c.s.PostProcessorRegistrationDelegate$BeanPostProcessorChecker.postProcessAfterInitialization - Bean 'org.springframework.transaction.annotation.ProxyTransactionManagementConfiguration' of type [org.springframework.transaction.annotation.ProxyTransactionManagementConfiguration$$EnhancerBySpringCGLIB$$c37a17b4] is not eligible for getting processed by all BeanPostProcessors (for example: not eligible for auto-proxying)
28-12-2018 11:33:18.512 [restartedMain] INFO  o.s.b.w.e.tomcat.TomcatWebServer.initialize - Tomcat initialized with port(s): 8080 (http)
28-12-2018 11:33:18.561 [restartedMain] INFO  o.a.catalina.core.StandardService.log - Starting service [Tomcat]
28-12-2018 11:33:18.563 [restartedMain] INFO  o.a.catalina.core.StandardEngine.log - Starting Servlet Engine: Apache Tomcat/8.5.32
28-12-2018 11:33:18.582 [localhost-startStop-1] INFO  o.a.c.core.AprLifecycleListener.log - The APR based Apache Tomcat Native library which allows optimal performance in production environments was not found on the java.library.path: [C:\Program Files\Java\jdk1.8.0_161\bin;C:\WINDOWS\Sun\Java\bin;C:\WINDOWS\system32;C:\WINDOWS;C:\ProgramData\Oracle\Java\javapath;C:\WINDOWS\system32;C:\WINDOWS;C:\WINDOWS\System32\Wbem;C:\WINDOWS\System32\WindowsPowerShell\v1.0\;C:\Program Files\Git\cmd;%JAVA_HOME%;%CATALINA_HOME%;%JRE_HOME%;;C:\WINDOWS\System32\OpenSSH\;C:\PostgreSQL\pg10\bin;C:\Users\me\AppData\Local\Microsoft\WindowsApps;C:\Program Files\heroku\bin;C:\Program Files\SDCC\bin;C:\Program Files (x86)\SDCC\bin;.]
28-12-2018 11:33:18.903 [localhost-startStop-1] INFO  o.a.c.c.C.[Tomcat].[localhost].[/].log - Initializing Spring embedded WebApplicationContext
28-12-2018 11:33:18.904 [localhost-startStop-1] INFO  o.s.web.context.ContextLoader.prepareWebApplicationContext - Root WebApplicationContext: initialization completed in 6489 ms
28-12-2018 11:33:20.244 [localhost-startStop-1] INFO  o.s.b.w.s.FilterRegistrationBean.configure - Mapping filter: 'characterEncodingFilter' to: [/*]
28-12-2018 11:33:20.246 [localhost-startStop-1] INFO  o.s.b.w.s.FilterRegistrationBean.configure - Mapping filter: 'webMvcMetricsFilter' to: [/*]
28-12-2018 11:33:20.247 [localhost-startStop-1] INFO  o.s.b.w.s.FilterRegistrationBean.configure - Mapping filter: 'hiddenHttpMethodFilter' to: [/*]
28-12-2018 11:33:20.248 [localhost-startStop-1] INFO  o.s.b.w.s.FilterRegistrationBean.configure - Mapping filter: 'httpPutFormContentFilter' to: [/*]
28-12-2018 11:33:20.260 [localhost-startStop-1] INFO  o.s.b.w.s.FilterRegistrationBean.configure - Mapping filter: 'requestContextFilter' to: [/*]
28-12-2018 11:33:20.261 [localhost-startStop-1] INFO  o.s.b.w.s.DelegatingFilterProxyRegistrationBean.configure - Mapping filter: 'springSecurityFilterChain' to: [/*]
28-12-2018 11:33:20.263 [localhost-startStop-1] INFO  o.s.b.w.s.FilterRegistrationBean.configure - Mapping filter: 'httpTraceFilter' to: [/*]
28-12-2018 11:33:20.264 [localhost-startStop-1] INFO  o.s.b.w.s.ServletRegistrationBean.addRegistration - Servlet dispatcherServlet mapped to [/]
28-12-2018 11:33:21.167 [restartedMain] INFO  o.s.o.j.LocalContainerEntityManagerFactoryBean.createNativeEntityManagerFactory - Building JPA container EntityManagerFactory for persistence unit 'default'
28-12-2018 11:33:21.206 [restartedMain] INFO  o.h.jpa.internal.util.LogHelper.logPersistenceUnitInformation - HHH000204: Processing PersistenceUnitInfo [
	name: default
	...]
28-12-2018 11:33:21.458 [restartedMain] INFO  org.hibernate.Version.logVersion - HHH000412: Hibernate Core {5.2.17.Final}
28-12-2018 11:33:21.468 [restartedMain] INFO  org.hibernate.cfg.Environment.<clinit> - HHH000206: hibernate.properties not found
28-12-2018 11:33:21.565 [restartedMain] INFO  o.h.annotations.common.Version.<clinit> - HCANN000001: Hibernate Commons Annotations {5.0.1.Final}
28-12-2018 11:33:21.958 [restartedMain] INFO  org.hibernate.dialect.Dialect.<init> - HHH000400: Using dialect: org.hibernate.dialect.PostgreSQLDialect
28-12-2018 11:33:22.264 [restartedMain] INFO  o.h.e.j.e.i.LobCreatorBuilderImpl.useContextualLobCreation - HHH000421: Disabling contextual LOB creation as hibernate.jdbc.lob.non_contextual_creation is true
28-12-2018 11:33:22.268 [restartedMain] INFO  org.hibernate.type.BasicTypeRegistry.register - HHH000270: Type registration [java.util.UUID] overrides previous : org.hibernate.type.UUIDBinaryType@2f1b6c14
28-12-2018 11:33:23.662 [restartedMain] INFO  o.s.o.j.LocalContainerEntityManagerFactoryBean.buildNativeEntityManagerFactory - Initialized JPA EntityManagerFactory for persistence unit 'default'
28-12-2018 11:33:24.341 [restartedMain] INFO  o.h.h.i.QueryTranslatorFactoryInitiator.initiateService - HHH000397: Using ASTQueryTranslatorFactory
28-12-2018 11:33:25.154 [restartedMain] INFO  o.s.w.s.h.SimpleUrlHandlerMapping.registerHandler - Mapped URL path [/**/favicon.ico] onto handler of type [class org.springframework.web.servlet.resource.ResourceHttpRequestHandler]
28-12-2018 11:33:25.750 [restartedMain] INFO  o.s.w.s.m.m.a.RequestMappingHandlerAdapter.initControllerAdviceCache - Looking for @ControllerAdvice: org.springframework.boot.web.servlet.context.AnnotationConfigServletWebServerApplicationContext@3f22b4b8: startup date [Fri Dec 28 11:33:12 EET 2018]; root of context hierarchy
28-12-2018 11:33:25.841 [restartedMain] WARN  o.s.b.a.o.j.JpaBaseConfiguration$JpaWebConfiguration$JpaWebMvcConfiguration.openEntityManagerInViewInterceptor - spring.jpa.open-in-view is enabled by default. Therefore, database queries may be performed during view rendering. Explicitly configure spring.jpa.open-in-view to disable this warning
28-12-2018 11:33:25.911 [restartedMain] INFO  o.s.w.s.m.m.a.RequestMappingHandlerMapping.register - Mapped "{[/clients],methods=[GET]}" onto public java.lang.String com.demo.hotel_management.controller.ClientController.listClients(org.springframework.ui.Model)
28-12-2018 11:33:25.914 [restartedMain] INFO  o.s.w.s.m.m.a.RequestMappingHandlerMapping.register - Mapped "{[/clients/update || /client/{clientId}/edit],methods=[GET]}" onto public java.lang.String com.demo.hotel_management.controller.ClientController.clientEditForm(org.springframework.ui.Model,java.lang.Long)
28-12-2018 11:33:25.915 [restartedMain] INFO  o.s.w.s.m.m.a.RequestMappingHandlerMapping.register - Mapped "{[/clients/create-ajax],methods=[POST],consumes=[application/x-www-form-urlencoded]}" onto public java.lang.String[] com.demo.hotel_management.controller.ClientController.clientEditAjax(com.demo.hotel_management.entity.Client)
28-12-2018 11:33:25.916 [restartedMain] INFO  o.s.w.s.m.m.a.RequestMappingHandlerMapping.register - Mapped "{[/clients/update],methods=[POST]}" onto public java.lang.String com.demo.hotel_management.controller.ClientController.clientEdit(com.demo.hotel_management.entity.Client,org.springframework.validation.BindingResult,org.springframework.ui.Model)
28-12-2018 11:33:25.916 [restartedMain] INFO  o.s.w.s.m.m.a.RequestMappingHandlerMapping.register - Mapped "{[/client/{clientId}/remove],methods=[GET]}" onto public java.lang.String com.demo.hotel_management.controller.ClientController.removeClient(java.lang.Long)
28-12-2018 11:33:25.919 [restartedMain] INFO  o.s.w.s.m.m.a.RequestMappingHandlerMapping.register - Mapped "{[/statistics],methods=[GET]}" onto public java.lang.String com.demo.hotel_management.controller.StatisticsController.showStatistics()
28-12-2018 11:33:25.920 [restartedMain] INFO  o.s.w.s.m.m.a.RequestMappingHandlerMapping.register - Mapped "{[/tableData/{monthDirection}],methods=[GET]}" onto public java.util.List<java.util.List> com.demo.hotel_management.controller.TestRestController2.getTableData(java.lang.String,java.lang.String,javax.servlet.http.HttpServletResponse)
28-12-2018 11:33:25.923 [restartedMain] INFO  o.s.w.s.m.m.a.RequestMappingHandlerMapping.register - Mapped "{[/vacation/{vacId}/remove-ajax],methods=[GET]}" onto public void com.demo.hotel_management.controller.VacationController.removeVacationAjax(java.lang.Long)
28-12-2018 11:33:25.924 [restartedMain] INFO  o.s.w.s.m.m.a.RequestMappingHandlerMapping.register - Mapped "{[/vacations],methods=[GET]}" onto public java.lang.String com.demo.hotel_management.controller.VacationController.listClients(org.springframework.ui.Model)
28-12-2018 11:33:25.927 [restartedMain] INFO  o.s.w.s.m.m.a.RequestMappingHandlerMapping.register - Mapped "{[/],methods=[GET]}" onto public java.lang.String com.demo.hotel_management.controller.VacationController.showTable()
28-12-2018 11:33:25.927 [restartedMain] INFO  o.s.w.s.m.m.a.RequestMappingHandlerMapping.register - Mapped "{[/login]}" onto public java.lang.String com.demo.hotel_management.controller.VacationController.login()
28-12-2018 11:33:25.928 [restartedMain] INFO  o.s.w.s.m.m.a.RequestMappingHandlerMapping.register - Mapped "{[/vacations/update || /vacation/{vacationId}/edit],methods=[GET]}" onto public java.lang.String com.demo.hotel_management.controller.VacationController.vacationEditForm(org.springframework.ui.Model,java.lang.Long,javax.servlet.http.HttpServletRequest)
28-12-2018 11:33:25.928 [restartedMain] INFO  o.s.w.s.m.m.a.RequestMappingHandlerMapping.register - Mapped "{[/vacations/update],methods=[POST]}" onto public java.lang.String com.demo.hotel_management.controller.VacationController.vacationEdit(com.demo.hotel_management.dto.VacationDto,org.springframework.validation.BindingResult,org.springframework.ui.Model)
28-12-2018 11:33:25.930 [restartedMain] INFO  o.s.w.s.m.m.a.RequestMappingHandlerMapping.register - Mapped "{[/vacation/{id}/approve],methods=[GET]}" onto public void com.demo.hotel_management.controller.VacationController.approveVacation(java.lang.Long,java.lang.Boolean)
28-12-2018 11:33:25.932 [restartedMain] INFO  o.s.w.s.m.m.a.RequestMappingHandlerMapping.register - Mapped "{[/vacation/{vacId}/remove],methods=[GET]}" onto public java.lang.String com.demo.hotel_management.controller.VacationController.removeVacation(java.lang.Long)
28-12-2018 11:33:25.938 [restartedMain] INFO  o.s.w.s.m.m.a.RequestMappingHandlerMapping.register - Mapped "{[/error]}" onto public org.springframework.http.ResponseEntity<java.util.Map<java.lang.String, java.lang.Object>> org.springframework.boot.autoconfigure.web.servlet.error.BasicErrorController.error(javax.servlet.http.HttpServletRequest)
28-12-2018 11:33:25.939 [restartedMain] INFO  o.s.w.s.m.m.a.RequestMappingHandlerMapping.register - Mapped "{[/error],produces=[text/html]}" onto public org.springframework.web.servlet.ModelAndView org.springframework.boot.autoconfigure.web.servlet.error.BasicErrorController.errorHtml(javax.servlet.http.HttpServletRequest,javax.servlet.http.HttpServletResponse)
28-12-2018 11:33:26.092 [restartedMain] INFO  o.s.w.s.h.SimpleUrlHandlerMapping.registerHandler - Mapped URL path [/webjars/**] onto handler of type [class org.springframework.web.servlet.resource.ResourceHttpRequestHandler]
28-12-2018 11:33:26.093 [restartedMain] INFO  o.s.w.s.h.SimpleUrlHandlerMapping.registerHandler - Mapped URL path [/**] onto handler of type [class org.springframework.web.servlet.resource.ResourceHttpRequestHandler]
28-12-2018 11:33:26.335 [restartedMain] INFO  o.s.b.a.w.s.WelcomePageHandlerMapping.<init> - Adding welcome page template: index
28-12-2018 11:33:27.128 [restartedMain] INFO  o.s.s.web.DefaultSecurityFilterChain.<init> - Creating filter chain: Ant [pattern='/bootstrap/**'], []
28-12-2018 11:33:27.129 [restartedMain] INFO  o.s.s.web.DefaultSecurityFilterChain.<init> - Creating filter chain: Ant [pattern='/ajax/**'], []
28-12-2018 11:33:27.130 [restartedMain] INFO  o.s.s.web.DefaultSecurityFilterChain.<init> - Creating filter chain: Ant [pattern='/footer.css'], []
28-12-2018 11:33:27.130 [restartedMain] INFO  o.s.s.web.DefaultSecurityFilterChain.<init> - Creating filter chain: Ant [pattern='/fontawesome/**'], []
28-12-2018 11:33:27.317 [restartedMain] INFO  o.s.s.web.DefaultSecurityFilterChain.<init> - Creating filter chain: org.springframework.security.web.util.matcher.AnyRequestMatcher@1, [org.springframework.security.web.context.request.async.WebAsyncManagerIntegrationFilter@7c7c1a06, org.springframework.security.web.context.SecurityContextPersistenceFilter@2d0994b2, org.springframework.security.web.header.HeaderWriterFilter@7e766ba6, org.springframework.security.web.authentication.logout.LogoutFilter@2fadb39b, org.springframework.security.web.authentication.UsernamePasswordAuthenticationFilter@3cfe33cb, org.springframework.security.web.savedrequest.RequestCacheAwareFilter@3fe363ad, org.springframework.security.web.servletapi.SecurityContextHolderAwareRequestFilter@4f3843e2, org.springframework.security.web.authentication.rememberme.RememberMeAuthenticationFilter@b367d4, org.springframework.security.web.authentication.AnonymousAuthenticationFilter@41700130, org.springframework.security.web.session.SessionManagementFilter@9898c9, org.springframework.security.web.access.ExceptionTranslationFilter@472b5dd1, org.springframework.security.web.access.intercept.FilterSecurityInterceptor@4785a64c]
28-12-2018 11:33:27.853 [restartedMain] INFO  o.s.b.d.a.OptionalLiveReloadServer.startServer - LiveReload server is running on port 35729
28-12-2018 11:33:27.892 [restartedMain] INFO  o.s.b.a.e.web.EndpointLinksResolver.<init> - Exposing 2 endpoint(s) beneath base path '/actuator'
28-12-2018 11:33:27.911 [restartedMain] INFO  o.s.b.a.e.w.s.WebMvcEndpointHandlerMapping.register - Mapped "{[/actuator/health],methods=[GET],produces=[application/vnd.spring-boot.actuator.v2+json || application/json]}" onto public java.lang.Object org.springframework.boot.actuate.endpoint.web.servlet.AbstractWebMvcEndpointHandlerMapping$OperationHandler.handle(javax.servlet.http.HttpServletRequest,java.util.Map<java.lang.String, java.lang.String>)
28-12-2018 11:33:27.912 [restartedMain] INFO  o.s.b.a.e.w.s.WebMvcEndpointHandlerMapping.register - Mapped "{[/actuator/info],methods=[GET],produces=[application/vnd.spring-boot.actuator.v2+json || application/json]}" onto public java.lang.Object org.springframework.boot.actuate.endpoint.web.servlet.AbstractWebMvcEndpointHandlerMapping$OperationHandler.handle(javax.servlet.http.HttpServletRequest,java.util.Map<java.lang.String, java.lang.String>)
28-12-2018 11:33:27.914 [restartedMain] INFO  o.s.b.a.e.w.s.WebMvcEndpointHandlerMapping.register - Mapped "{[/actuator],methods=[GET],produces=[application/vnd.spring-boot.actuator.v2+json || application/json]}" onto protected java.util.Map<java.lang.String, java.util.Map<java.lang.String, org.springframework.boot.actuate.endpoint.web.Link>> org.springframework.boot.actuate.endpoint.web.servlet.WebMvcEndpointHandlerMapping.links(javax.servlet.http.HttpServletRequest,javax.servlet.http.HttpServletResponse)
28-12-2018 11:33:28.016 [restartedMain] INFO  o.s.j.e.a.AnnotationMBeanExporter.afterSingletonsInstantiated - Registering beans for JMX exposure on startup
28-12-2018 11:33:28.056 [restartedMain] INFO  o.s.s.a.ScheduledAnnotationBeanPostProcessor.finishRegistration - No TaskScheduler/ScheduledExecutorService bean found for scheduled processing
28-12-2018 11:33:28.290 [restartedMain] INFO  o.s.b.w.e.tomcat.TomcatWebServer.start - Tomcat started on port(s): 8080 (http) with context path ''
28-12-2018 11:33:28.304 [restartedMain] INFO  c.d.h.HotelManagementApplication.logStarted - Started HotelManagementApplication in 17.534 seconds (JVM running for 19.458)
28-12-2018 11:33:28.325 [restartedMain] DEBUG c.d.h.HotelManagementApplication.main - application started
28-12-2018 11:33:29.406 [http-nio-8080-exec-6] INFO  o.a.c.c.C.[Tomcat].[localhost].[/].log - Initializing Spring FrameworkServlet 'dispatcherServlet'
28-12-2018 11:33:29.407 [http-nio-8080-exec-6] INFO  o.s.web.servlet.DispatcherServlet.initServletBean - FrameworkServlet 'dispatcherServlet': initialization started
28-12-2018 11:33:29.447 [http-nio-8080-exec-6] INFO  o.s.web.servlet.DispatcherServlet.initServletBean - FrameworkServlet 'dispatcherServlet': initialization completed in 37 ms
28-12-2018 12:25:04.276 [http-nio-8080-exec-6] DEBUG c.d.h.service.VacationService.inactivateVacation - vacationId=812
28-12-2018 12:25:04.359 [http-nio-8080-exec-6] DEBUG c.d.h.service.VacationService.inactivateVacation - vacation inactivated: vacation=Vacation(id=812, inactive=false, approved=true, client=Client(id=536, name=Test, otherClientInfo=Testt, phoneNumber=0934731222, email=, inactive=false), residentsCount=1, pricePerDay=null, totalPrice=889, vacationDate=Vacation.CustomDate(arrivalDate=2018-12-20, arrivalDayPart=MORNING, leaveDate=2018-12-24, leaveDayPart=MORNING), roomVacationList=[com.demo.hotel_management.entity.RoomVacation@1b2e7547])
28-12-2018 12:25:14.102 [http-nio-8080-exec-8] DEBUG c.d.h.service.VacationService.inactivateVacation - vacationId=814
28-12-2018 12:25:14.116 [http-nio-8080-exec-8] DEBUG c.d.h.service.VacationService.inactivateVacation - vacation inactivated: vacation=Vacation(id=814, inactive=false, approved=false, client=Client(id=538, name=Test7, otherClientInfo=Test7, phoneNumber=0943454322, email=, inactive=false), residentsCount=1, pricePerDay=null, totalPrice=99, vacationDate=Vacation.CustomDate(arrivalDate=2018-12-24, arrivalDayPart=MORNING, leaveDate=2018-12-27, leaveDayPart=MORNING), roomVacationList=[com.demo.hotel_management.entity.RoomVacation@7ede0739])
28-12-2018 12:39:09.130 [Thread-9] INFO  o.s.b.w.s.c.AnnotationConfigServletWebServerApplicationContext.doClose - Closing org.springframework.boot.web.servlet.context.AnnotationConfigServletWebServerApplicationContext@3f22b4b8: startup date [Fri Dec 28 11:33:12 EET 2018]; root of context hierarchy
28-12-2018 12:39:09.145 [Thread-9] INFO  o.s.j.e.a.AnnotationMBeanExporter.destroy - Unregistering JMX-exposed beans on shutdown
28-12-2018 12:39:09.161 [Thread-9] INFO  o.s.o.j.LocalContainerEntityManagerFactoryBean.destroy - Closing JPA EntityManagerFactory for persistence unit 'default'
28-12-2018 12:39:10.786 [restartedMain] INFO  c.d.h.HotelManagementApplication.logStarting - Starting HotelManagementApplication on DESKTOP-04PJQ2P with PID 7368 (started by Roman in C:\MyWork\My Projects\hotel_management)
28-12-2018 12:39:10.787 [restartedMain] DEBUG c.d.h.HotelManagementApplication.logStarting - Running with Spring Boot v2.0.4.RELEASE, Spring v5.0.8.RELEASE
28-12-2018 12:39:10.787 [restartedMain] INFO  c.d.h.HotelManagementApplication.logStartupProfileInfo - The following profiles are active: dev
28-12-2018 12:39:10.793 [restartedMain] INFO  o.s.b.w.s.c.AnnotationConfigServletWebServerApplicationContext.prepareRefresh - Refreshing org.springframework.boot.web.servlet.context.AnnotationConfigServletWebServerApplicationContext@26687527: startup date [Fri Dec 28 12:39:10 EET 2018]; root of context hierarchy
28-12-2018 12:39:12.606 [restartedMain] INFO  o.s.c.s.PostProcessorRegistrationDelegate$BeanPostProcessorChecker.postProcessAfterInitialization - Bean 'org.springframework.transaction.annotation.ProxyTransactionManagementConfiguration' of type [org.springframework.transaction.annotation.ProxyTransactionManagementConfiguration$$EnhancerBySpringCGLIB$$c37a17b4] is not eligible for getting processed by all BeanPostProcessors (for example: not eligible for auto-proxying)
28-12-2018 12:39:13.047 [restartedMain] INFO  o.s.b.w.e.tomcat.TomcatWebServer.initialize - Tomcat initialized with port(s): 8080 (http)
28-12-2018 12:39:13.049 [restartedMain] INFO  o.a.catalina.core.StandardService.log - Starting service [Tomcat]
28-12-2018 12:39:13.050 [restartedMain] INFO  o.a.catalina.core.StandardEngine.log - Starting Servlet Engine: Apache Tomcat/8.5.32
28-12-2018 12:39:13.187 [localhost-startStop-1] INFO  o.a.c.c.C.[Tomcat].[localhost].[/].log - Initializing Spring embedded WebApplicationContext
28-12-2018 12:39:13.189 [localhost-startStop-1] INFO  o.s.web.context.ContextLoader.prepareWebApplicationContext - Root WebApplicationContext: initialization completed in 2396 ms
28-12-2018 12:39:13.714 [localhost-startStop-1] INFO  o.s.b.w.s.FilterRegistrationBean.configure - Mapping filter: 'characterEncodingFilter' to: [/*]
28-12-2018 12:39:13.714 [localhost-startStop-1] INFO  o.s.b.w.s.FilterRegistrationBean.configure - Mapping filter: 'webMvcMetricsFilter' to: [/*]
28-12-2018 12:39:13.731 [localhost-startStop-1] INFO  o.s.b.w.s.FilterRegistrationBean.configure - Mapping filter: 'hiddenHttpMethodFilter' to: [/*]
28-12-2018 12:39:13.731 [localhost-startStop-1] INFO  o.s.b.w.s.FilterRegistrationBean.configure - Mapping filter: 'httpPutFormContentFilter' to: [/*]
28-12-2018 12:39:13.731 [localhost-startStop-1] INFO  o.s.b.w.s.FilterRegistrationBean.configure - Mapping filter: 'requestContextFilter' to: [/*]
28-12-2018 12:39:13.733 [localhost-startStop-1] INFO  o.s.b.w.s.DelegatingFilterProxyRegistrationBean.configure - Mapping filter: 'springSecurityFilterChain' to: [/*]
28-12-2018 12:39:13.737 [localhost-startStop-1] INFO  o.s.b.w.s.FilterRegistrationBean.configure - Mapping filter: 'httpTraceFilter' to: [/*]
28-12-2018 12:39:13.739 [localhost-startStop-1] INFO  o.s.b.w.s.ServletRegistrationBean.addRegistration - Servlet dispatcherServlet mapped to [/]
